\BOOKMARK [1][-]{section.1}{Preface}{}% 1
\BOOKMARK [2][-]{subsection.1.1}{Notation}{section.1}% 2
\BOOKMARK [1][-]{section.2}{Campaign}{}% 3
\BOOKMARK [2][-]{subsection.2.1}{Fusion Reactor}{section.2}% 4
\BOOKMARK [2][-]{subsection.2.2}{Quantum Computer}{section.2}% 5
\BOOKMARK [2][-]{subsection.2.3}{Gravitational Wave Interferometer}{section.2}% 6
\BOOKMARK [2][-]{subsection.2.4}{Neutrino Detector}{section.2}% 7
\BOOKMARK [2][-]{subsection.2.5}{Radiotelescope Array}{section.2}% 8
\BOOKMARK [2][-]{subsection.2.6}{Particle Accelerator}{section.2}% 9
\BOOKMARK [1][-]{section.3}{Engagements}{}% 10
\BOOKMARK [2][-]{subsection.3.1}{Outside station chasing on foot}{section.3}% 11
\BOOKMARK [2][-]{subsection.3.2}{Inside station being chased on foot}{section.3}% 12
\BOOKMARK [2][-]{subsection.3.3}{Space chasing in fighters}{section.3}% 13
\BOOKMARK [2][-]{subsection.3.4}{Ground chasing in large vehicle}{section.3}% 14
\BOOKMARK [2][-]{subsection.3.5}{Ground being chased in small vehicles}{section.3}% 15
\BOOKMARK [2][-]{subsection.3.6}{Space being chased in large ship}{section.3}% 16
\BOOKMARK [1][-]{section.4}{Combats}{}% 17
\BOOKMARK [1][-]{section.5}{Locations}{}% 18
\BOOKMARK [2][-]{subsection.5.1}{The Magnificent Station above Earth}{section.5}% 19
\BOOKMARK [2][-]{subsection.5.2}{The Children about Jupiter}{section.5}% 20
\BOOKMARK [2][-]{subsection.5.3}{The Settlement of Mars}{section.5}% 21
